<?xml version="1.0" encoding="UTF-8"?>
<testsuite name="CommandLineParserTest" tests="1" skipped="0" failures="0" errors="0" timestamp="2020-02-21T14:30:22" hostname="ULTRALORD" time="0.019">
  <properties/>
  <testcase name="optionParserShouldAcceptParameters()" classname="CommandLineParserTest" time="0.019"/>
  <system-out><![CDATA[]]></system-out>
  <system-err><![CDATA[]]></system-err>
</testsuite>
