<?xml version="1.0" encoding="UTF-8"?>
<testsuite name="MyClassTest" tests="1" skipped="0" failures="0" errors="0" timestamp="2020-02-21T12:55:08" hostname="ULTRALORD" time="0.008">
  <properties/>
  <testcase name="multiplicationOfZeroIntegersShouldReturnZero()" classname="MyClassTest" time="0.008"/>
  <system-out><![CDATA[]]></system-out>
  <system-err><![CDATA[]]></system-err>
</testsuite>
